CRITICAL - 2022-09-14 02:52:53 --> Undefined variable $mahasiswa
in APPPATH\Views\Pages\mahasiswa.php on line 12.
 1 APPPATH\Views\Pages\mahasiswa.php(12): CodeIgniter\Debug\Exceptions->errorHandler(2, 'Undefined variable $mahasiswa', 'APPPATH\\Views\\Pages\\mahasiswa.php', 12)
 2 SYSTEMPATH\View\View.php(213): include('APPPATH\\Views\\Pages\\mahasiswa.php')
 3 SYSTEMPATH\View\View.php(216): CodeIgniter\View\View->CodeIgniter\View\{closure}()
 4 SYSTEMPATH\Common.php(1142): CodeIgniter\View\View->render('pages/mahasiswa', [], true)
 5 APPPATH\Controllers\Pages.php(23): view('pages/mahasiswa')
 6 SYSTEMPATH\CodeIgniter.php(904): App\Controllers\Pages->view('mahasiswa')
 7 SYSTEMPATH\CodeIgniter.php(457): CodeIgniter\CodeIgniter->runController(Object(App\Controllers\Pages))
 8 SYSTEMPATH\CodeIgniter.php(340): CodeIgniter\CodeIgniter->handleRequest(null, Object(Config\Cache), false)
 9 FCPATH\index.php(67): CodeIgniter\CodeIgniter->run()
10 SYSTEMPATH\Commands\Server\rewrite.php(43): require_once('FCPATH\\index.php')
CRITICAL - 2022-09-14 02:53:12 --> Undefined variable $mahasiswa
in APPPATH\Views\Pages\mahasiswa.php on line 12.
 1 APPPATH\Views\Pages\mahasiswa.php(12): CodeIgniter\Debug\Exceptions->errorHandler(2, 'Undefined variable $mahasiswa', 'APPPATH\\Views\\Pages\\mahasiswa.php', 12)
 2 SYSTEMPATH\View\View.php(213): include('APPPATH\\Views\\Pages\\mahasiswa.php')
 3 SYSTEMPATH\View\View.php(216): CodeIgniter\View\View->CodeIgniter\View\{closure}()
 4 SYSTEMPATH\Common.php(1142): CodeIgniter\View\View->render('pages/mahasiswa', [], true)
 5 APPPATH\Controllers\Pages.php(23): view('pages/mahasiswa')
 6 SYSTEMPATH\CodeIgniter.php(904): App\Controllers\Pages->view('mahasiswa')
 7 SYSTEMPATH\CodeIgniter.php(457): CodeIgniter\CodeIgniter->runController(Object(App\Controllers\Pages))
 8 SYSTEMPATH\CodeIgniter.php(340): CodeIgniter\CodeIgniter->handleRequest(null, Object(Config\Cache), false)
 9 FCPATH\index.php(67): CodeIgniter\CodeIgniter->run()
10 SYSTEMPATH\Commands\Server\rewrite.php(43): require_once('FCPATH\\index.php')
CRITICAL - 2022-09-14 02:54:20 --> Undefined variable $mahasiswa
in APPPATH\Views\Pages\mahasiswa.php on line 12.
 1 APPPATH\Views\Pages\mahasiswa.php(12): CodeIgniter\Debug\Exceptions->errorHandler(2, 'Undefined variable $mahasiswa', 'APPPATH\\Views\\Pages\\mahasiswa.php', 12)
 2 SYSTEMPATH\View\View.php(213): include('APPPATH\\Views\\Pages\\mahasiswa.php')
 3 SYSTEMPATH\View\View.php(216): CodeIgniter\View\View->CodeIgniter\View\{closure}()
 4 SYSTEMPATH\Common.php(1142): CodeIgniter\View\View->render('pages/mahasiswa', [], true)
 5 APPPATH\Controllers\Pages.php(23): view('pages/mahasiswa')
 6 SYSTEMPATH\CodeIgniter.php(904): App\Controllers\Pages->view('mahasiswa')
 7 SYSTEMPATH\CodeIgniter.php(457): CodeIgniter\CodeIgniter->runController(Object(App\Controllers\Pages))
 8 SYSTEMPATH\CodeIgniter.php(340): CodeIgniter\CodeIgniter->handleRequest(null, Object(Config\Cache), false)
 9 FCPATH\index.php(67): CodeIgniter\CodeIgniter->run()
10 SYSTEMPATH\Commands\Server\rewrite.php(43): require_once('FCPATH\\index.php')
