CRITICAL - 2022-09-20 14:24:38 --> Undefined array key "created_at"
in APPPATH\Views\mahasiswa\list.php on line 19.
 1 APPPATH\Views\mahasiswa\list.php(19): CodeIgniter\Debug\Exceptions->errorHandler(2, 'Undefined array key "created_at"', 'APPPATH\\Views\\mahasiswa\\list.php', 19)
 2 SYSTEMPATH\View\View.php(213): include('APPPATH\\Views\\mahasiswa\\list.php')
 3 SYSTEMPATH\View\View.php(216): CodeIgniter\View\View->CodeIgniter\View\{closure}()
 4 SYSTEMPATH\Common.php(1142): CodeIgniter\View\View->render('mahasiswa/list', [], true)
 5 APPPATH\Controllers\MahasiswaController.php(18): view('mahasiswa/list', [...])
 6 SYSTEMPATH\CodeIgniter.php(904): App\Controllers\MahasiswaController->index()
 7 SYSTEMPATH\CodeIgniter.php(457): CodeIgniter\CodeIgniter->runController(Object(App\Controllers\MahasiswaController))
 8 SYSTEMPATH\CodeIgniter.php(340): CodeIgniter\CodeIgniter->handleRequest(null, Object(Config\Cache), false)
 9 FCPATH\index.php(67): CodeIgniter\CodeIgniter->run()
10 SYSTEMPATH\Commands\Server\rewrite.php(43): require_once('FCPATH\\index.php')
CRITICAL - 2022-09-20 14:25:22 --> Undefined array key "created_at"
in APPPATH\Views\mahasiswa\list.php on line 19.
 1 APPPATH\Views\mahasiswa\list.php(19): CodeIgniter\Debug\Exceptions->errorHandler(2, 'Undefined array key "created_at"', 'APPPATH\\Views\\mahasiswa\\list.php', 19)
 2 SYSTEMPATH\View\View.php(213): include('APPPATH\\Views\\mahasiswa\\list.php')
 3 SYSTEMPATH\View\View.php(216): CodeIgniter\View\View->CodeIgniter\View\{closure}()
 4 SYSTEMPATH\Common.php(1142): CodeIgniter\View\View->render('mahasiswa/list', [], true)
 5 APPPATH\Controllers\MahasiswaController.php(18): view('mahasiswa/list', [...])
 6 SYSTEMPATH\CodeIgniter.php(904): App\Controllers\MahasiswaController->index()
 7 SYSTEMPATH\CodeIgniter.php(457): CodeIgniter\CodeIgniter->runController(Object(App\Controllers\MahasiswaController))
 8 SYSTEMPATH\CodeIgniter.php(340): CodeIgniter\CodeIgniter->handleRequest(null, Object(Config\Cache), false)
 9 FCPATH\index.php(67): CodeIgniter\CodeIgniter->run()
10 SYSTEMPATH\Commands\Server\rewrite.php(43): require_once('FCPATH\\index.php')
CRITICAL - 2022-09-20 14:25:23 --> Undefined array key "created_at"
in APPPATH\Views\mahasiswa\list.php on line 19.
 1 APPPATH\Views\mahasiswa\list.php(19): CodeIgniter\Debug\Exceptions->errorHandler(2, 'Undefined array key "created_at"', 'APPPATH\\Views\\mahasiswa\\list.php', 19)
 2 SYSTEMPATH\View\View.php(213): include('APPPATH\\Views\\mahasiswa\\list.php')
 3 SYSTEMPATH\View\View.php(216): CodeIgniter\View\View->CodeIgniter\View\{closure}()
 4 SYSTEMPATH\Common.php(1142): CodeIgniter\View\View->render('mahasiswa/list', [], true)
 5 APPPATH\Controllers\MahasiswaController.php(18): view('mahasiswa/list', [...])
 6 SYSTEMPATH\CodeIgniter.php(904): App\Controllers\MahasiswaController->index()
 7 SYSTEMPATH\CodeIgniter.php(457): CodeIgniter\CodeIgniter->runController(Object(App\Controllers\MahasiswaController))
 8 SYSTEMPATH\CodeIgniter.php(340): CodeIgniter\CodeIgniter->handleRequest(null, Object(Config\Cache), false)
 9 FCPATH\index.php(67): CodeIgniter\CodeIgniter->run()
10 SYSTEMPATH\Commands\Server\rewrite.php(43): require_once('FCPATH\\index.php')
CRITICAL - 2022-09-20 14:25:35 --> Undefined array key "created_at"
in APPPATH\Views\mahasiswa\list.php on line 19.
 1 APPPATH\Views\mahasiswa\list.php(19): CodeIgniter\Debug\Exceptions->errorHandler(2, 'Undefined array key "created_at"', 'APPPATH\\Views\\mahasiswa\\list.php', 19)
 2 SYSTEMPATH\View\View.php(213): include('APPPATH\\Views\\mahasiswa\\list.php')
 3 SYSTEMPATH\View\View.php(216): CodeIgniter\View\View->CodeIgniter\View\{closure}()
 4 SYSTEMPATH\Common.php(1142): CodeIgniter\View\View->render('mahasiswa/list', [], true)
 5 APPPATH\Controllers\MahasiswaController.php(18): view('mahasiswa/list', [...])
 6 SYSTEMPATH\CodeIgniter.php(904): App\Controllers\MahasiswaController->index()
 7 SYSTEMPATH\CodeIgniter.php(457): CodeIgniter\CodeIgniter->runController(Object(App\Controllers\MahasiswaController))
 8 SYSTEMPATH\CodeIgniter.php(340): CodeIgniter\CodeIgniter->handleRequest(null, Object(Config\Cache), false)
 9 FCPATH\index.php(67): CodeIgniter\CodeIgniter->run()
10 SYSTEMPATH\Commands\Server\rewrite.php(43): require_once('FCPATH\\index.php')
CRITICAL - 2022-09-20 14:25:45 --> Undefined array key "created_at"
in APPPATH\Views\mahasiswa\list.php on line 19.
 1 APPPATH\Views\mahasiswa\list.php(19): CodeIgniter\Debug\Exceptions->errorHandler(2, 'Undefined array key "created_at"', 'APPPATH\\Views\\mahasiswa\\list.php', 19)
 2 SYSTEMPATH\View\View.php(213): include('APPPATH\\Views\\mahasiswa\\list.php')
 3 SYSTEMPATH\View\View.php(216): CodeIgniter\View\View->CodeIgniter\View\{closure}()
 4 SYSTEMPATH\Common.php(1142): CodeIgniter\View\View->render('mahasiswa/list', [], true)
 5 APPPATH\Controllers\MahasiswaController.php(18): view('mahasiswa/list', [...])
 6 SYSTEMPATH\CodeIgniter.php(904): App\Controllers\MahasiswaController->index()
 7 SYSTEMPATH\CodeIgniter.php(457): CodeIgniter\CodeIgniter->runController(Object(App\Controllers\MahasiswaController))
 8 SYSTEMPATH\CodeIgniter.php(340): CodeIgniter\CodeIgniter->handleRequest(null, Object(Config\Cache), false)
 9 FCPATH\index.php(67): CodeIgniter\CodeIgniter->run()
10 SYSTEMPATH\Commands\Server\rewrite.php(43): require_once('FCPATH\\index.php')
CRITICAL - 2022-09-20 14:26:11 --> Undefined array key "created_at"
in APPPATH\Views\mahasiswa\list.php on line 19.
 1 APPPATH\Views\mahasiswa\list.php(19): CodeIgniter\Debug\Exceptions->errorHandler(2, 'Undefined array key "created_at"', 'APPPATH\\Views\\mahasiswa\\list.php', 19)
 2 SYSTEMPATH\View\View.php(213): include('APPPATH\\Views\\mahasiswa\\list.php')
 3 SYSTEMPATH\View\View.php(216): CodeIgniter\View\View->CodeIgniter\View\{closure}()
 4 SYSTEMPATH\Common.php(1142): CodeIgniter\View\View->render('mahasiswa/list', [], true)
 5 APPPATH\Controllers\MahasiswaController.php(18): view('mahasiswa/list', [...])
 6 SYSTEMPATH\CodeIgniter.php(904): App\Controllers\MahasiswaController->index()
 7 SYSTEMPATH\CodeIgniter.php(457): CodeIgniter\CodeIgniter->runController(Object(App\Controllers\MahasiswaController))
 8 SYSTEMPATH\CodeIgniter.php(340): CodeIgniter\CodeIgniter->handleRequest(null, Object(Config\Cache), false)
 9 FCPATH\index.php(67): CodeIgniter\CodeIgniter->run()
10 SYSTEMPATH\Commands\Server\rewrite.php(43): require_once('FCPATH\\index.php')
CRITICAL - 2022-09-20 14:29:58 --> Undefined array key "created_at"
in APPPATH\Views\mahasiswa\list.php on line 19.
 1 APPPATH\Views\mahasiswa\list.php(19): CodeIgniter\Debug\Exceptions->errorHandler(2, 'Undefined array key "created_at"', 'APPPATH\\Views\\mahasiswa\\list.php', 19)
 2 SYSTEMPATH\View\View.php(213): include('APPPATH\\Views\\mahasiswa\\list.php')
 3 SYSTEMPATH\View\View.php(216): CodeIgniter\View\View->CodeIgniter\View\{closure}()
 4 SYSTEMPATH\Common.php(1142): CodeIgniter\View\View->render('mahasiswa/list', [], true)
 5 APPPATH\Controllers\MahasiswaController.php(18): view('mahasiswa/list', [...])
 6 SYSTEMPATH\CodeIgniter.php(904): App\Controllers\MahasiswaController->index()
 7 SYSTEMPATH\CodeIgniter.php(457): CodeIgniter\CodeIgniter->runController(Object(App\Controllers\MahasiswaController))
 8 SYSTEMPATH\CodeIgniter.php(340): CodeIgniter\CodeIgniter->handleRequest(null, Object(Config\Cache), false)
 9 FCPATH\index.php(67): CodeIgniter\CodeIgniter->run()
10 SYSTEMPATH\Commands\Server\rewrite.php(43): require_once('FCPATH\\index.php')
CRITICAL - 2022-09-20 14:31:06 --> Undefined array key "created_at"
in APPPATH\Views\mahasiswa\list.php on line 19.
 1 APPPATH\Views\mahasiswa\list.php(19): CodeIgniter\Debug\Exceptions->errorHandler(2, 'Undefined array key "created_at"', 'APPPATH\\Views\\mahasiswa\\list.php', 19)
 2 SYSTEMPATH\View\View.php(213): include('APPPATH\\Views\\mahasiswa\\list.php')
 3 SYSTEMPATH\View\View.php(216): CodeIgniter\View\View->CodeIgniter\View\{closure}()
 4 SYSTEMPATH\Common.php(1142): CodeIgniter\View\View->render('mahasiswa/list', [], true)
 5 APPPATH\Controllers\MahasiswaController.php(18): view('mahasiswa/list', [...])
 6 SYSTEMPATH\CodeIgniter.php(904): App\Controllers\MahasiswaController->index()
 7 SYSTEMPATH\CodeIgniter.php(457): CodeIgniter\CodeIgniter->runController(Object(App\Controllers\MahasiswaController))
 8 SYSTEMPATH\CodeIgniter.php(340): CodeIgniter\CodeIgniter->handleRequest(null, Object(Config\Cache), false)
 9 FCPATH\index.php(67): CodeIgniter\CodeIgniter->run()
10 SYSTEMPATH\Commands\Server\rewrite.php(43): require_once('FCPATH\\index.php')
CRITICAL - 2022-09-20 14:32:44 --> Undefined array key "created_at"
in APPPATH\Views\mahasiswa\list.php on line 19.
 1 APPPATH\Views\mahasiswa\list.php(19): CodeIgniter\Debug\Exceptions->errorHandler(2, 'Undefined array key "created_at"', 'APPPATH\\Views\\mahasiswa\\list.php', 19)
 2 SYSTEMPATH\View\View.php(213): include('APPPATH\\Views\\mahasiswa\\list.php')
 3 SYSTEMPATH\View\View.php(216): CodeIgniter\View\View->CodeIgniter\View\{closure}()
 4 SYSTEMPATH\Common.php(1142): CodeIgniter\View\View->render('mahasiswa/list', [], true)
 5 APPPATH\Controllers\MahasiswaController.php(18): view('mahasiswa/list', [...])
 6 SYSTEMPATH\CodeIgniter.php(904): App\Controllers\MahasiswaController->index()
 7 SYSTEMPATH\CodeIgniter.php(457): CodeIgniter\CodeIgniter->runController(Object(App\Controllers\MahasiswaController))
 8 SYSTEMPATH\CodeIgniter.php(340): CodeIgniter\CodeIgniter->handleRequest(null, Object(Config\Cache), false)
 9 FCPATH\index.php(67): CodeIgniter\CodeIgniter->run()
10 SYSTEMPATH\Commands\Server\rewrite.php(43): require_once('FCPATH\\index.php')
CRITICAL - 2022-09-20 14:32:47 --> Undefined array key "created_at"
in APPPATH\Views\mahasiswa\list.php on line 19.
 1 APPPATH\Views\mahasiswa\list.php(19): CodeIgniter\Debug\Exceptions->errorHandler(2, 'Undefined array key "created_at"', 'APPPATH\\Views\\mahasiswa\\list.php', 19)
 2 SYSTEMPATH\View\View.php(213): include('APPPATH\\Views\\mahasiswa\\list.php')
 3 SYSTEMPATH\View\View.php(216): CodeIgniter\View\View->CodeIgniter\View\{closure}()
 4 SYSTEMPATH\Common.php(1142): CodeIgniter\View\View->render('mahasiswa/list', [], true)
 5 APPPATH\Controllers\MahasiswaController.php(18): view('mahasiswa/list', [...])
 6 SYSTEMPATH\CodeIgniter.php(904): App\Controllers\MahasiswaController->index()
 7 SYSTEMPATH\CodeIgniter.php(457): CodeIgniter\CodeIgniter->runController(Object(App\Controllers\MahasiswaController))
 8 SYSTEMPATH\CodeIgniter.php(340): CodeIgniter\CodeIgniter->handleRequest(null, Object(Config\Cache), false)
 9 FCPATH\index.php(67): CodeIgniter\CodeIgniter->run()
10 SYSTEMPATH\Commands\Server\rewrite.php(43): require_once('FCPATH\\index.php')
CRITICAL - 2022-09-20 14:32:49 --> Undefined array key "created_at"
in APPPATH\Views\mahasiswa\list.php on line 19.
 1 APPPATH\Views\mahasiswa\list.php(19): CodeIgniter\Debug\Exceptions->errorHandler(2, 'Undefined array key "created_at"', 'APPPATH\\Views\\mahasiswa\\list.php', 19)
 2 SYSTEMPATH\View\View.php(213): include('APPPATH\\Views\\mahasiswa\\list.php')
 3 SYSTEMPATH\View\View.php(216): CodeIgniter\View\View->CodeIgniter\View\{closure}()
 4 SYSTEMPATH\Common.php(1142): CodeIgniter\View\View->render('mahasiswa/list', [], true)
 5 APPPATH\Controllers\MahasiswaController.php(18): view('mahasiswa/list', [...])
 6 SYSTEMPATH\CodeIgniter.php(904): App\Controllers\MahasiswaController->index()
 7 SYSTEMPATH\CodeIgniter.php(457): CodeIgniter\CodeIgniter->runController(Object(App\Controllers\MahasiswaController))
 8 SYSTEMPATH\CodeIgniter.php(340): CodeIgniter\CodeIgniter->handleRequest(null, Object(Config\Cache), false)
 9 FCPATH\index.php(67): CodeIgniter\CodeIgniter->run()
10 SYSTEMPATH\Commands\Server\rewrite.php(43): require_once('FCPATH\\index.php')
CRITICAL - 2022-09-20 14:32:51 --> Undefined array key "created_at"
in APPPATH\Views\mahasiswa\list.php on line 19.
 1 APPPATH\Views\mahasiswa\list.php(19): CodeIgniter\Debug\Exceptions->errorHandler(2, 'Undefined array key "created_at"', 'APPPATH\\Views\\mahasiswa\\list.php', 19)
 2 SYSTEMPATH\View\View.php(213): include('APPPATH\\Views\\mahasiswa\\list.php')
 3 SYSTEMPATH\View\View.php(216): CodeIgniter\View\View->CodeIgniter\View\{closure}()
 4 SYSTEMPATH\Common.php(1142): CodeIgniter\View\View->render('mahasiswa/list', [], true)
 5 APPPATH\Controllers\MahasiswaController.php(18): view('mahasiswa/list', [...])
 6 SYSTEMPATH\CodeIgniter.php(904): App\Controllers\MahasiswaController->index()
 7 SYSTEMPATH\CodeIgniter.php(457): CodeIgniter\CodeIgniter->runController(Object(App\Controllers\MahasiswaController))
 8 SYSTEMPATH\CodeIgniter.php(340): CodeIgniter\CodeIgniter->handleRequest(null, Object(Config\Cache), false)
 9 FCPATH\index.php(67): CodeIgniter\CodeIgniter->run()
10 SYSTEMPATH\Commands\Server\rewrite.php(43): require_once('FCPATH\\index.php')
CRITICAL - 2022-09-20 14:32:54 --> Undefined array key "created_at"
in APPPATH\Views\mahasiswa\list.php on line 19.
 1 APPPATH\Views\mahasiswa\list.php(19): CodeIgniter\Debug\Exceptions->errorHandler(2, 'Undefined array key "created_at"', 'APPPATH\\Views\\mahasiswa\\list.php', 19)
 2 SYSTEMPATH\View\View.php(213): include('APPPATH\\Views\\mahasiswa\\list.php')
 3 SYSTEMPATH\View\View.php(216): CodeIgniter\View\View->CodeIgniter\View\{closure}()
 4 SYSTEMPATH\Common.php(1142): CodeIgniter\View\View->render('mahasiswa/list', [], true)
 5 APPPATH\Controllers\MahasiswaController.php(18): view('mahasiswa/list', [...])
 6 SYSTEMPATH\CodeIgniter.php(904): App\Controllers\MahasiswaController->index()
 7 SYSTEMPATH\CodeIgniter.php(457): CodeIgniter\CodeIgniter->runController(Object(App\Controllers\MahasiswaController))
 8 SYSTEMPATH\CodeIgniter.php(340): CodeIgniter\CodeIgniter->handleRequest(null, Object(Config\Cache), false)
 9 FCPATH\index.php(67): CodeIgniter\CodeIgniter->run()
10 SYSTEMPATH\Commands\Server\rewrite.php(43): require_once('FCPATH\\index.php')
CRITICAL - 2022-09-20 14:32:56 --> Undefined array key "created_at"
in APPPATH\Views\mahasiswa\list.php on line 19.
 1 APPPATH\Views\mahasiswa\list.php(19): CodeIgniter\Debug\Exceptions->errorHandler(2, 'Undefined array key "created_at"', 'APPPATH\\Views\\mahasiswa\\list.php', 19)
 2 SYSTEMPATH\View\View.php(213): include('APPPATH\\Views\\mahasiswa\\list.php')
 3 SYSTEMPATH\View\View.php(216): CodeIgniter\View\View->CodeIgniter\View\{closure}()
 4 SYSTEMPATH\Common.php(1142): CodeIgniter\View\View->render('mahasiswa/list', [], true)
 5 APPPATH\Controllers\MahasiswaController.php(18): view('mahasiswa/list', [...])
 6 SYSTEMPATH\CodeIgniter.php(904): App\Controllers\MahasiswaController->index()
 7 SYSTEMPATH\CodeIgniter.php(457): CodeIgniter\CodeIgniter->runController(Object(App\Controllers\MahasiswaController))
 8 SYSTEMPATH\CodeIgniter.php(340): CodeIgniter\CodeIgniter->handleRequest(null, Object(Config\Cache), false)
 9 FCPATH\index.php(67): CodeIgniter\CodeIgniter->run()
10 SYSTEMPATH\Commands\Server\rewrite.php(43): require_once('FCPATH\\index.php')
CRITICAL - 2022-09-20 14:32:57 --> Undefined array key "created_at"
in APPPATH\Views\mahasiswa\list.php on line 19.
 1 APPPATH\Views\mahasiswa\list.php(19): CodeIgniter\Debug\Exceptions->errorHandler(2, 'Undefined array key "created_at"', 'APPPATH\\Views\\mahasiswa\\list.php', 19)
 2 SYSTEMPATH\View\View.php(213): include('APPPATH\\Views\\mahasiswa\\list.php')
 3 SYSTEMPATH\View\View.php(216): CodeIgniter\View\View->CodeIgniter\View\{closure}()
 4 SYSTEMPATH\Common.php(1142): CodeIgniter\View\View->render('mahasiswa/list', [], true)
 5 APPPATH\Controllers\MahasiswaController.php(18): view('mahasiswa/list', [...])
 6 SYSTEMPATH\CodeIgniter.php(904): App\Controllers\MahasiswaController->index()
 7 SYSTEMPATH\CodeIgniter.php(457): CodeIgniter\CodeIgniter->runController(Object(App\Controllers\MahasiswaController))
 8 SYSTEMPATH\CodeIgniter.php(340): CodeIgniter\CodeIgniter->handleRequest(null, Object(Config\Cache), false)
 9 FCPATH\index.php(67): CodeIgniter\CodeIgniter->run()
10 SYSTEMPATH\Commands\Server\rewrite.php(43): require_once('FCPATH\\index.php')
CRITICAL - 2022-09-20 14:32:57 --> Undefined array key "created_at"
in APPPATH\Views\mahasiswa\list.php on line 19.
 1 APPPATH\Views\mahasiswa\list.php(19): CodeIgniter\Debug\Exceptions->errorHandler(2, 'Undefined array key "created_at"', 'APPPATH\\Views\\mahasiswa\\list.php', 19)
 2 SYSTEMPATH\View\View.php(213): include('APPPATH\\Views\\mahasiswa\\list.php')
 3 SYSTEMPATH\View\View.php(216): CodeIgniter\View\View->CodeIgniter\View\{closure}()
 4 SYSTEMPATH\Common.php(1142): CodeIgniter\View\View->render('mahasiswa/list', [], true)
 5 APPPATH\Controllers\MahasiswaController.php(18): view('mahasiswa/list', [...])
 6 SYSTEMPATH\CodeIgniter.php(904): App\Controllers\MahasiswaController->index()
 7 SYSTEMPATH\CodeIgniter.php(457): CodeIgniter\CodeIgniter->runController(Object(App\Controllers\MahasiswaController))
 8 SYSTEMPATH\CodeIgniter.php(340): CodeIgniter\CodeIgniter->handleRequest(null, Object(Config\Cache), false)
 9 FCPATH\index.php(67): CodeIgniter\CodeIgniter->run()
10 SYSTEMPATH\Commands\Server\rewrite.php(43): require_once('FCPATH\\index.php')
CRITICAL - 2022-09-20 14:32:57 --> Undefined array key "created_at"
in APPPATH\Views\mahasiswa\list.php on line 19.
 1 APPPATH\Views\mahasiswa\list.php(19): CodeIgniter\Debug\Exceptions->errorHandler(2, 'Undefined array key "created_at"', 'APPPATH\\Views\\mahasiswa\\list.php', 19)
 2 SYSTEMPATH\View\View.php(213): include('APPPATH\\Views\\mahasiswa\\list.php')
 3 SYSTEMPATH\View\View.php(216): CodeIgniter\View\View->CodeIgniter\View\{closure}()
 4 SYSTEMPATH\Common.php(1142): CodeIgniter\View\View->render('mahasiswa/list', [], true)
 5 APPPATH\Controllers\MahasiswaController.php(18): view('mahasiswa/list', [...])
 6 SYSTEMPATH\CodeIgniter.php(904): App\Controllers\MahasiswaController->index()
 7 SYSTEMPATH\CodeIgniter.php(457): CodeIgniter\CodeIgniter->runController(Object(App\Controllers\MahasiswaController))
 8 SYSTEMPATH\CodeIgniter.php(340): CodeIgniter\CodeIgniter->handleRequest(null, Object(Config\Cache), false)
 9 FCPATH\index.php(67): CodeIgniter\CodeIgniter->run()
10 SYSTEMPATH\Commands\Server\rewrite.php(43): require_once('FCPATH\\index.php')
CRITICAL - 2022-09-20 14:32:57 --> Undefined array key "created_at"
in APPPATH\Views\mahasiswa\list.php on line 19.
 1 APPPATH\Views\mahasiswa\list.php(19): CodeIgniter\Debug\Exceptions->errorHandler(2, 'Undefined array key "created_at"', 'APPPATH\\Views\\mahasiswa\\list.php', 19)
 2 SYSTEMPATH\View\View.php(213): include('APPPATH\\Views\\mahasiswa\\list.php')
 3 SYSTEMPATH\View\View.php(216): CodeIgniter\View\View->CodeIgniter\View\{closure}()
 4 SYSTEMPATH\Common.php(1142): CodeIgniter\View\View->render('mahasiswa/list', [], true)
 5 APPPATH\Controllers\MahasiswaController.php(18): view('mahasiswa/list', [...])
 6 SYSTEMPATH\CodeIgniter.php(904): App\Controllers\MahasiswaController->index()
 7 SYSTEMPATH\CodeIgniter.php(457): CodeIgniter\CodeIgniter->runController(Object(App\Controllers\MahasiswaController))
 8 SYSTEMPATH\CodeIgniter.php(340): CodeIgniter\CodeIgniter->handleRequest(null, Object(Config\Cache), false)
 9 FCPATH\index.php(67): CodeIgniter\CodeIgniter->run()
10 SYSTEMPATH\Commands\Server\rewrite.php(43): require_once('FCPATH\\index.php')
CRITICAL - 2022-09-20 14:32:58 --> Undefined array key "created_at"
in APPPATH\Views\mahasiswa\list.php on line 19.
 1 APPPATH\Views\mahasiswa\list.php(19): CodeIgniter\Debug\Exceptions->errorHandler(2, 'Undefined array key "created_at"', 'APPPATH\\Views\\mahasiswa\\list.php', 19)
 2 SYSTEMPATH\View\View.php(213): include('APPPATH\\Views\\mahasiswa\\list.php')
 3 SYSTEMPATH\View\View.php(216): CodeIgniter\View\View->CodeIgniter\View\{closure}()
 4 SYSTEMPATH\Common.php(1142): CodeIgniter\View\View->render('mahasiswa/list', [], true)
 5 APPPATH\Controllers\MahasiswaController.php(18): view('mahasiswa/list', [...])
 6 SYSTEMPATH\CodeIgniter.php(904): App\Controllers\MahasiswaController->index()
 7 SYSTEMPATH\CodeIgniter.php(457): CodeIgniter\CodeIgniter->runController(Object(App\Controllers\MahasiswaController))
 8 SYSTEMPATH\CodeIgniter.php(340): CodeIgniter\CodeIgniter->handleRequest(null, Object(Config\Cache), false)
 9 FCPATH\index.php(67): CodeIgniter\CodeIgniter->run()
10 SYSTEMPATH\Commands\Server\rewrite.php(43): require_once('FCPATH\\index.php')
CRITICAL - 2022-09-20 14:32:58 --> Undefined array key "created_at"
in APPPATH\Views\mahasiswa\list.php on line 19.
 1 APPPATH\Views\mahasiswa\list.php(19): CodeIgniter\Debug\Exceptions->errorHandler(2, 'Undefined array key "created_at"', 'APPPATH\\Views\\mahasiswa\\list.php', 19)
 2 SYSTEMPATH\View\View.php(213): include('APPPATH\\Views\\mahasiswa\\list.php')
 3 SYSTEMPATH\View\View.php(216): CodeIgniter\View\View->CodeIgniter\View\{closure}()
 4 SYSTEMPATH\Common.php(1142): CodeIgniter\View\View->render('mahasiswa/list', [], true)
 5 APPPATH\Controllers\MahasiswaController.php(18): view('mahasiswa/list', [...])
 6 SYSTEMPATH\CodeIgniter.php(904): App\Controllers\MahasiswaController->index()
 7 SYSTEMPATH\CodeIgniter.php(457): CodeIgniter\CodeIgniter->runController(Object(App\Controllers\MahasiswaController))
 8 SYSTEMPATH\CodeIgniter.php(340): CodeIgniter\CodeIgniter->handleRequest(null, Object(Config\Cache), false)
 9 FCPATH\index.php(67): CodeIgniter\CodeIgniter->run()
10 SYSTEMPATH\Commands\Server\rewrite.php(43): require_once('FCPATH\\index.php')
CRITICAL - 2022-09-20 14:32:58 --> Undefined array key "created_at"
in APPPATH\Views\mahasiswa\list.php on line 19.
 1 APPPATH\Views\mahasiswa\list.php(19): CodeIgniter\Debug\Exceptions->errorHandler(2, 'Undefined array key "created_at"', 'APPPATH\\Views\\mahasiswa\\list.php', 19)
 2 SYSTEMPATH\View\View.php(213): include('APPPATH\\Views\\mahasiswa\\list.php')
 3 SYSTEMPATH\View\View.php(216): CodeIgniter\View\View->CodeIgniter\View\{closure}()
 4 SYSTEMPATH\Common.php(1142): CodeIgniter\View\View->render('mahasiswa/list', [], true)
 5 APPPATH\Controllers\MahasiswaController.php(18): view('mahasiswa/list', [...])
 6 SYSTEMPATH\CodeIgniter.php(904): App\Controllers\MahasiswaController->index()
 7 SYSTEMPATH\CodeIgniter.php(457): CodeIgniter\CodeIgniter->runController(Object(App\Controllers\MahasiswaController))
 8 SYSTEMPATH\CodeIgniter.php(340): CodeIgniter\CodeIgniter->handleRequest(null, Object(Config\Cache), false)
 9 FCPATH\index.php(67): CodeIgniter\CodeIgniter->run()
10 SYSTEMPATH\Commands\Server\rewrite.php(43): require_once('FCPATH\\index.php')
CRITICAL - 2022-09-20 14:33:02 --> Undefined array key "created_at"
in APPPATH\Views\mahasiswa\list.php on line 19.
 1 APPPATH\Views\mahasiswa\list.php(19): CodeIgniter\Debug\Exceptions->errorHandler(2, 'Undefined array key "created_at"', 'APPPATH\\Views\\mahasiswa\\list.php', 19)
 2 SYSTEMPATH\View\View.php(213): include('APPPATH\\Views\\mahasiswa\\list.php')
 3 SYSTEMPATH\View\View.php(216): CodeIgniter\View\View->CodeIgniter\View\{closure}()
 4 SYSTEMPATH\Common.php(1142): CodeIgniter\View\View->render('mahasiswa/list', [], true)
 5 APPPATH\Controllers\MahasiswaController.php(18): view('mahasiswa/list', [...])
 6 SYSTEMPATH\CodeIgniter.php(904): App\Controllers\MahasiswaController->index()
 7 SYSTEMPATH\CodeIgniter.php(457): CodeIgniter\CodeIgniter->runController(Object(App\Controllers\MahasiswaController))
 8 SYSTEMPATH\CodeIgniter.php(340): CodeIgniter\CodeIgniter->handleRequest(null, Object(Config\Cache), false)
 9 FCPATH\index.php(67): CodeIgniter\CodeIgniter->run()
10 SYSTEMPATH\Commands\Server\rewrite.php(43): require_once('FCPATH\\index.php')
CRITICAL - 2022-09-20 14:35:24 --> Undefined array key "created_at"
in APPPATH\Views\mahasiswa\list.php on line 19.
 1 APPPATH\Views\mahasiswa\list.php(19): CodeIgniter\Debug\Exceptions->errorHandler(2, 'Undefined array key "created_at"', 'APPPATH\\Views\\mahasiswa\\list.php', 19)
 2 SYSTEMPATH\View\View.php(213): include('APPPATH\\Views\\mahasiswa\\list.php')
 3 SYSTEMPATH\View\View.php(216): CodeIgniter\View\View->CodeIgniter\View\{closure}()
 4 SYSTEMPATH\Common.php(1142): CodeIgniter\View\View->render('mahasiswa/list', [], true)
 5 APPPATH\Controllers\MahasiswaController.php(18): view('mahasiswa/list', [...])
 6 SYSTEMPATH\CodeIgniter.php(904): App\Controllers\MahasiswaController->index()
 7 SYSTEMPATH\CodeIgniter.php(457): CodeIgniter\CodeIgniter->runController(Object(App\Controllers\MahasiswaController))
 8 SYSTEMPATH\CodeIgniter.php(340): CodeIgniter\CodeIgniter->handleRequest(null, Object(Config\Cache), false)
 9 FCPATH\index.php(67): CodeIgniter\CodeIgniter->run()
10 SYSTEMPATH\Commands\Server\rewrite.php(43): require_once('FCPATH\\index.php')
CRITICAL - 2022-09-20 14:35:28 --> Undefined array key "created_at"
in APPPATH\Views\mahasiswa\list.php on line 19.
 1 APPPATH\Views\mahasiswa\list.php(19): CodeIgniter\Debug\Exceptions->errorHandler(2, 'Undefined array key "created_at"', 'APPPATH\\Views\\mahasiswa\\list.php', 19)
 2 SYSTEMPATH\View\View.php(213): include('APPPATH\\Views\\mahasiswa\\list.php')
 3 SYSTEMPATH\View\View.php(216): CodeIgniter\View\View->CodeIgniter\View\{closure}()
 4 SYSTEMPATH\Common.php(1142): CodeIgniter\View\View->render('mahasiswa/list', [], true)
 5 APPPATH\Controllers\MahasiswaController.php(18): view('mahasiswa/list', [...])
 6 SYSTEMPATH\CodeIgniter.php(904): App\Controllers\MahasiswaController->index()
 7 SYSTEMPATH\CodeIgniter.php(457): CodeIgniter\CodeIgniter->runController(Object(App\Controllers\MahasiswaController))
 8 SYSTEMPATH\CodeIgniter.php(340): CodeIgniter\CodeIgniter->handleRequest(null, Object(Config\Cache), false)
 9 FCPATH\index.php(67): CodeIgniter\CodeIgniter->run()
10 SYSTEMPATH\Commands\Server\rewrite.php(43): require_once('FCPATH\\index.php')
CRITICAL - 2022-09-20 14:53:15 --> Undefined array key "created_at"
in APPPATH\Views\mahasiswa\list.php on line 19.
 1 APPPATH\Views\mahasiswa\list.php(19): CodeIgniter\Debug\Exceptions->errorHandler(2, 'Undefined array key "created_at"', 'APPPATH\\Views\\mahasiswa\\list.php', 19)
 2 SYSTEMPATH\View\View.php(213): include('APPPATH\\Views\\mahasiswa\\list.php')
 3 SYSTEMPATH\View\View.php(216): CodeIgniter\View\View->CodeIgniter\View\{closure}()
 4 SYSTEMPATH\Common.php(1142): CodeIgniter\View\View->render('mahasiswa/list', [], true)
 5 APPPATH\Controllers\MahasiswaController.php(18): view('mahasiswa/list', [...])
 6 SYSTEMPATH\CodeIgniter.php(904): App\Controllers\MahasiswaController->index()
 7 SYSTEMPATH\CodeIgniter.php(457): CodeIgniter\CodeIgniter->runController(Object(App\Controllers\MahasiswaController))
 8 SYSTEMPATH\CodeIgniter.php(340): CodeIgniter\CodeIgniter->handleRequest(null, Object(Config\Cache), false)
 9 FCPATH\index.php(67): CodeIgniter\CodeIgniter->run()
10 SYSTEMPATH\Commands\Server\rewrite.php(43): require_once('FCPATH\\index.php')
CRITICAL - 2022-09-20 14:53:44 --> Undefined array key "created_at"
in APPPATH\Views\mahasiswa\list.php on line 19.
 1 APPPATH\Views\mahasiswa\list.php(19): CodeIgniter\Debug\Exceptions->errorHandler(2, 'Undefined array key "created_at"', 'APPPATH\\Views\\mahasiswa\\list.php', 19)
 2 SYSTEMPATH\View\View.php(213): include('APPPATH\\Views\\mahasiswa\\list.php')
 3 SYSTEMPATH\View\View.php(216): CodeIgniter\View\View->CodeIgniter\View\{closure}()
 4 SYSTEMPATH\Common.php(1142): CodeIgniter\View\View->render('mahasiswa/list', [], true)
 5 APPPATH\Controllers\MahasiswaController.php(18): view('mahasiswa/list', [...])
 6 SYSTEMPATH\CodeIgniter.php(904): App\Controllers\MahasiswaController->index()
 7 SYSTEMPATH\CodeIgniter.php(457): CodeIgniter\CodeIgniter->runController(Object(App\Controllers\MahasiswaController))
 8 SYSTEMPATH\CodeIgniter.php(340): CodeIgniter\CodeIgniter->handleRequest(null, Object(Config\Cache), false)
 9 FCPATH\index.php(67): CodeIgniter\CodeIgniter->run()
10 SYSTEMPATH\Commands\Server\rewrite.php(43): require_once('FCPATH\\index.php')
CRITICAL - 2022-09-20 14:53:45 --> Undefined array key "created_at"
in APPPATH\Views\mahasiswa\list.php on line 19.
 1 APPPATH\Views\mahasiswa\list.php(19): CodeIgniter\Debug\Exceptions->errorHandler(2, 'Undefined array key "created_at"', 'APPPATH\\Views\\mahasiswa\\list.php', 19)
 2 SYSTEMPATH\View\View.php(213): include('APPPATH\\Views\\mahasiswa\\list.php')
 3 SYSTEMPATH\View\View.php(216): CodeIgniter\View\View->CodeIgniter\View\{closure}()
 4 SYSTEMPATH\Common.php(1142): CodeIgniter\View\View->render('mahasiswa/list', [], true)
 5 APPPATH\Controllers\MahasiswaController.php(18): view('mahasiswa/list', [...])
 6 SYSTEMPATH\CodeIgniter.php(904): App\Controllers\MahasiswaController->index()
 7 SYSTEMPATH\CodeIgniter.php(457): CodeIgniter\CodeIgniter->runController(Object(App\Controllers\MahasiswaController))
 8 SYSTEMPATH\CodeIgniter.php(340): CodeIgniter\CodeIgniter->handleRequest(null, Object(Config\Cache), false)
 9 FCPATH\index.php(67): CodeIgniter\CodeIgniter->run()
10 SYSTEMPATH\Commands\Server\rewrite.php(43): require_once('FCPATH\\index.php')
CRITICAL - 2022-09-20 14:53:45 --> Undefined array key "created_at"
in APPPATH\Views\mahasiswa\list.php on line 19.
 1 APPPATH\Views\mahasiswa\list.php(19): CodeIgniter\Debug\Exceptions->errorHandler(2, 'Undefined array key "created_at"', 'APPPATH\\Views\\mahasiswa\\list.php', 19)
 2 SYSTEMPATH\View\View.php(213): include('APPPATH\\Views\\mahasiswa\\list.php')
 3 SYSTEMPATH\View\View.php(216): CodeIgniter\View\View->CodeIgniter\View\{closure}()
 4 SYSTEMPATH\Common.php(1142): CodeIgniter\View\View->render('mahasiswa/list', [], true)
 5 APPPATH\Controllers\MahasiswaController.php(18): view('mahasiswa/list', [...])
 6 SYSTEMPATH\CodeIgniter.php(904): App\Controllers\MahasiswaController->index()
 7 SYSTEMPATH\CodeIgniter.php(457): CodeIgniter\CodeIgniter->runController(Object(App\Controllers\MahasiswaController))
 8 SYSTEMPATH\CodeIgniter.php(340): CodeIgniter\CodeIgniter->handleRequest(null, Object(Config\Cache), false)
 9 FCPATH\index.php(67): CodeIgniter\CodeIgniter->run()
10 SYSTEMPATH\Commands\Server\rewrite.php(43): require_once('FCPATH\\index.php')
CRITICAL - 2022-09-20 14:53:45 --> Undefined array key "created_at"
in APPPATH\Views\mahasiswa\list.php on line 19.
 1 APPPATH\Views\mahasiswa\list.php(19): CodeIgniter\Debug\Exceptions->errorHandler(2, 'Undefined array key "created_at"', 'APPPATH\\Views\\mahasiswa\\list.php', 19)
 2 SYSTEMPATH\View\View.php(213): include('APPPATH\\Views\\mahasiswa\\list.php')
 3 SYSTEMPATH\View\View.php(216): CodeIgniter\View\View->CodeIgniter\View\{closure}()
 4 SYSTEMPATH\Common.php(1142): CodeIgniter\View\View->render('mahasiswa/list', [], true)
 5 APPPATH\Controllers\MahasiswaController.php(18): view('mahasiswa/list', [...])
 6 SYSTEMPATH\CodeIgniter.php(904): App\Controllers\MahasiswaController->index()
 7 SYSTEMPATH\CodeIgniter.php(457): CodeIgniter\CodeIgniter->runController(Object(App\Controllers\MahasiswaController))
 8 SYSTEMPATH\CodeIgniter.php(340): CodeIgniter\CodeIgniter->handleRequest(null, Object(Config\Cache), false)
 9 FCPATH\index.php(67): CodeIgniter\CodeIgniter->run()
10 SYSTEMPATH\Commands\Server\rewrite.php(43): require_once('FCPATH\\index.php')
CRITICAL - 2022-09-20 14:53:45 --> Undefined array key "created_at"
in APPPATH\Views\mahasiswa\list.php on line 19.
 1 APPPATH\Views\mahasiswa\list.php(19): CodeIgniter\Debug\Exceptions->errorHandler(2, 'Undefined array key "created_at"', 'APPPATH\\Views\\mahasiswa\\list.php', 19)
 2 SYSTEMPATH\View\View.php(213): include('APPPATH\\Views\\mahasiswa\\list.php')
 3 SYSTEMPATH\View\View.php(216): CodeIgniter\View\View->CodeIgniter\View\{closure}()
 4 SYSTEMPATH\Common.php(1142): CodeIgniter\View\View->render('mahasiswa/list', [], true)
 5 APPPATH\Controllers\MahasiswaController.php(18): view('mahasiswa/list', [...])
 6 SYSTEMPATH\CodeIgniter.php(904): App\Controllers\MahasiswaController->index()
 7 SYSTEMPATH\CodeIgniter.php(457): CodeIgniter\CodeIgniter->runController(Object(App\Controllers\MahasiswaController))
 8 SYSTEMPATH\CodeIgniter.php(340): CodeIgniter\CodeIgniter->handleRequest(null, Object(Config\Cache), false)
 9 FCPATH\index.php(67): CodeIgniter\CodeIgniter->run()
10 SYSTEMPATH\Commands\Server\rewrite.php(43): require_once('FCPATH\\index.php')
CRITICAL - 2022-09-20 14:53:45 --> Undefined array key "created_at"
in APPPATH\Views\mahasiswa\list.php on line 19.
 1 APPPATH\Views\mahasiswa\list.php(19): CodeIgniter\Debug\Exceptions->errorHandler(2, 'Undefined array key "created_at"', 'APPPATH\\Views\\mahasiswa\\list.php', 19)
 2 SYSTEMPATH\View\View.php(213): include('APPPATH\\Views\\mahasiswa\\list.php')
 3 SYSTEMPATH\View\View.php(216): CodeIgniter\View\View->CodeIgniter\View\{closure}()
 4 SYSTEMPATH\Common.php(1142): CodeIgniter\View\View->render('mahasiswa/list', [], true)
 5 APPPATH\Controllers\MahasiswaController.php(18): view('mahasiswa/list', [...])
 6 SYSTEMPATH\CodeIgniter.php(904): App\Controllers\MahasiswaController->index()
 7 SYSTEMPATH\CodeIgniter.php(457): CodeIgniter\CodeIgniter->runController(Object(App\Controllers\MahasiswaController))
 8 SYSTEMPATH\CodeIgniter.php(340): CodeIgniter\CodeIgniter->handleRequest(null, Object(Config\Cache), false)
 9 FCPATH\index.php(67): CodeIgniter\CodeIgniter->run()
10 SYSTEMPATH\Commands\Server\rewrite.php(43): require_once('FCPATH\\index.php')
CRITICAL - 2022-09-20 14:53:45 --> Undefined array key "created_at"
in APPPATH\Views\mahasiswa\list.php on line 19.
 1 APPPATH\Views\mahasiswa\list.php(19): CodeIgniter\Debug\Exceptions->errorHandler(2, 'Undefined array key "created_at"', 'APPPATH\\Views\\mahasiswa\\list.php', 19)
 2 SYSTEMPATH\View\View.php(213): include('APPPATH\\Views\\mahasiswa\\list.php')
 3 SYSTEMPATH\View\View.php(216): CodeIgniter\View\View->CodeIgniter\View\{closure}()
 4 SYSTEMPATH\Common.php(1142): CodeIgniter\View\View->render('mahasiswa/list', [], true)
 5 APPPATH\Controllers\MahasiswaController.php(18): view('mahasiswa/list', [...])
 6 SYSTEMPATH\CodeIgniter.php(904): App\Controllers\MahasiswaController->index()
 7 SYSTEMPATH\CodeIgniter.php(457): CodeIgniter\CodeIgniter->runController(Object(App\Controllers\MahasiswaController))
 8 SYSTEMPATH\CodeIgniter.php(340): CodeIgniter\CodeIgniter->handleRequest(null, Object(Config\Cache), false)
 9 FCPATH\index.php(67): CodeIgniter\CodeIgniter->run()
10 SYSTEMPATH\Commands\Server\rewrite.php(43): require_once('FCPATH\\index.php')
CRITICAL - 2022-09-20 15:13:05 --> Undefined array key "created_at"
in APPPATH\Views\mahasiswa\list.php on line 19.
 1 APPPATH\Views\mahasiswa\list.php(19): CodeIgniter\Debug\Exceptions->errorHandler(2, 'Undefined array key "created_at"', 'APPPATH\\Views\\mahasiswa\\list.php', 19)
 2 SYSTEMPATH\View\View.php(213): include('APPPATH\\Views\\mahasiswa\\list.php')
 3 SYSTEMPATH\View\View.php(216): CodeIgniter\View\View->CodeIgniter\View\{closure}()
 4 SYSTEMPATH\Common.php(1142): CodeIgniter\View\View->render('mahasiswa/list', [], true)
 5 APPPATH\Controllers\MahasiswaController.php(18): view('mahasiswa/list', [...])
 6 SYSTEMPATH\CodeIgniter.php(904): App\Controllers\MahasiswaController->index()
 7 SYSTEMPATH\CodeIgniter.php(457): CodeIgniter\CodeIgniter->runController(Object(App\Controllers\MahasiswaController))
 8 SYSTEMPATH\CodeIgniter.php(340): CodeIgniter\CodeIgniter->handleRequest(null, Object(Config\Cache), false)
 9 FCPATH\index.php(67): CodeIgniter\CodeIgniter->run()
10 SYSTEMPATH\Commands\Server\rewrite.php(43): require_once('FCPATH\\index.php')
CRITICAL - 2022-09-20 15:13:14 --> Undefined array key "created_at"
in APPPATH\Views\mahasiswa\list.php on line 19.
 1 APPPATH\Views\mahasiswa\list.php(19): CodeIgniter\Debug\Exceptions->errorHandler(2, 'Undefined array key "created_at"', 'APPPATH\\Views\\mahasiswa\\list.php', 19)
 2 SYSTEMPATH\View\View.php(213): include('APPPATH\\Views\\mahasiswa\\list.php')
 3 SYSTEMPATH\View\View.php(216): CodeIgniter\View\View->CodeIgniter\View\{closure}()
 4 SYSTEMPATH\Common.php(1142): CodeIgniter\View\View->render('mahasiswa/list', [], true)
 5 APPPATH\Controllers\MahasiswaController.php(18): view('mahasiswa/list', [...])
 6 SYSTEMPATH\CodeIgniter.php(904): App\Controllers\MahasiswaController->index()
 7 SYSTEMPATH\CodeIgniter.php(457): CodeIgniter\CodeIgniter->runController(Object(App\Controllers\MahasiswaController))
 8 SYSTEMPATH\CodeIgniter.php(340): CodeIgniter\CodeIgniter->handleRequest(null, Object(Config\Cache), false)
 9 FCPATH\index.php(67): CodeIgniter\CodeIgniter->run()
10 SYSTEMPATH\Commands\Server\rewrite.php(43): require_once('FCPATH\\index.php')
CRITICAL - 2022-09-20 16:17:24 --> Undefined array key "created_at"
in APPPATH\Views\mahasiswa\list.php on line 19.
 1 APPPATH\Views\mahasiswa\list.php(19): CodeIgniter\Debug\Exceptions->errorHandler(2, 'Undefined array key "created_at"', 'APPPATH\\Views\\mahasiswa\\list.php', 19)
 2 SYSTEMPATH\View\View.php(213): include('APPPATH\\Views\\mahasiswa\\list.php')
 3 SYSTEMPATH\View\View.php(216): CodeIgniter\View\View->CodeIgniter\View\{closure}()
 4 SYSTEMPATH\Common.php(1142): CodeIgniter\View\View->render('mahasiswa/list', [], true)
 5 APPPATH\Controllers\MahasiswaController.php(18): view('mahasiswa/list', [...])
 6 SYSTEMPATH\CodeIgniter.php(904): App\Controllers\MahasiswaController->index()
 7 SYSTEMPATH\CodeIgniter.php(457): CodeIgniter\CodeIgniter->runController(Object(App\Controllers\MahasiswaController))
 8 SYSTEMPATH\CodeIgniter.php(340): CodeIgniter\CodeIgniter->handleRequest(null, Object(Config\Cache), false)
 9 FCPATH\index.php(67): CodeIgniter\CodeIgniter->run()
10 SYSTEMPATH\Commands\Server\rewrite.php(43): require_once('FCPATH\\index.php')
CRITICAL - 2022-09-20 16:17:51 --> Undefined array key "created_at"
in APPPATH\Views\mahasiswa\list.php on line 19.
 1 APPPATH\Views\mahasiswa\list.php(19): CodeIgniter\Debug\Exceptions->errorHandler(2, 'Undefined array key "created_at"', 'APPPATH\\Views\\mahasiswa\\list.php', 19)
 2 SYSTEMPATH\View\View.php(213): include('APPPATH\\Views\\mahasiswa\\list.php')
 3 SYSTEMPATH\View\View.php(216): CodeIgniter\View\View->CodeIgniter\View\{closure}()
 4 SYSTEMPATH\Common.php(1142): CodeIgniter\View\View->render('mahasiswa/list', [], true)
 5 APPPATH\Controllers\MahasiswaController.php(18): view('mahasiswa/list', [...])
 6 SYSTEMPATH\CodeIgniter.php(904): App\Controllers\MahasiswaController->index()
 7 SYSTEMPATH\CodeIgniter.php(457): CodeIgniter\CodeIgniter->runController(Object(App\Controllers\MahasiswaController))
 8 SYSTEMPATH\CodeIgniter.php(340): CodeIgniter\CodeIgniter->handleRequest(null, Object(Config\Cache), false)
 9 FCPATH\index.php(67): CodeIgniter\CodeIgniter->run()
10 SYSTEMPATH\Commands\Server\rewrite.php(43): require_once('FCPATH\\index.php')
CRITICAL - 2022-09-20 16:17:54 --> Undefined array key "created_at"
in APPPATH\Views\mahasiswa\list.php on line 19.
 1 APPPATH\Views\mahasiswa\list.php(19): CodeIgniter\Debug\Exceptions->errorHandler(2, 'Undefined array key "created_at"', 'APPPATH\\Views\\mahasiswa\\list.php', 19)
 2 SYSTEMPATH\View\View.php(213): include('APPPATH\\Views\\mahasiswa\\list.php')
 3 SYSTEMPATH\View\View.php(216): CodeIgniter\View\View->CodeIgniter\View\{closure}()
 4 SYSTEMPATH\Common.php(1142): CodeIgniter\View\View->render('mahasiswa/list', [], true)
 5 APPPATH\Controllers\MahasiswaController.php(18): view('mahasiswa/list', [...])
 6 SYSTEMPATH\CodeIgniter.php(904): App\Controllers\MahasiswaController->index()
 7 SYSTEMPATH\CodeIgniter.php(457): CodeIgniter\CodeIgniter->runController(Object(App\Controllers\MahasiswaController))
 8 SYSTEMPATH\CodeIgniter.php(340): CodeIgniter\CodeIgniter->handleRequest(null, Object(Config\Cache), false)
 9 FCPATH\index.php(67): CodeIgniter\CodeIgniter->run()
10 SYSTEMPATH\Commands\Server\rewrite.php(43): require_once('FCPATH\\index.php')
CRITICAL - 2022-09-20 16:31:18 --> Undefined array key "created_at"
in APPPATH\Views\mahasiswa\list.php on line 19.
 1 APPPATH\Views\mahasiswa\list.php(19): CodeIgniter\Debug\Exceptions->errorHandler(2, 'Undefined array key "created_at"', 'APPPATH\\Views\\mahasiswa\\list.php', 19)
 2 SYSTEMPATH\View\View.php(213): include('APPPATH\\Views\\mahasiswa\\list.php')
 3 SYSTEMPATH\View\View.php(216): CodeIgniter\View\View->CodeIgniter\View\{closure}()
 4 SYSTEMPATH\Common.php(1142): CodeIgniter\View\View->render('mahasiswa/list', [], true)
 5 APPPATH\Controllers\MahasiswaController.php(18): view('mahasiswa/list', [...])
 6 SYSTEMPATH\CodeIgniter.php(904): App\Controllers\MahasiswaController->index()
 7 SYSTEMPATH\CodeIgniter.php(457): CodeIgniter\CodeIgniter->runController(Object(App\Controllers\MahasiswaController))
 8 SYSTEMPATH\CodeIgniter.php(340): CodeIgniter\CodeIgniter->handleRequest(null, Object(Config\Cache), false)
 9 FCPATH\index.php(67): CodeIgniter\CodeIgniter->run()
10 SYSTEMPATH\Commands\Server\rewrite.php(43): require_once('FCPATH\\index.php')
CRITICAL - 2022-09-20 16:31:21 --> Undefined array key "created_at"
in APPPATH\Views\mahasiswa\list.php on line 19.
 1 APPPATH\Views\mahasiswa\list.php(19): CodeIgniter\Debug\Exceptions->errorHandler(2, 'Undefined array key "created_at"', 'APPPATH\\Views\\mahasiswa\\list.php', 19)
 2 SYSTEMPATH\View\View.php(213): include('APPPATH\\Views\\mahasiswa\\list.php')
 3 SYSTEMPATH\View\View.php(216): CodeIgniter\View\View->CodeIgniter\View\{closure}()
 4 SYSTEMPATH\Common.php(1142): CodeIgniter\View\View->render('mahasiswa/list', [], true)
 5 APPPATH\Controllers\MahasiswaController.php(18): view('mahasiswa/list', [...])
 6 SYSTEMPATH\CodeIgniter.php(904): App\Controllers\MahasiswaController->index()
 7 SYSTEMPATH\CodeIgniter.php(457): CodeIgniter\CodeIgniter->runController(Object(App\Controllers\MahasiswaController))
 8 SYSTEMPATH\CodeIgniter.php(340): CodeIgniter\CodeIgniter->handleRequest(null, Object(Config\Cache), false)
 9 FCPATH\index.php(67): CodeIgniter\CodeIgniter->run()
10 SYSTEMPATH\Commands\Server\rewrite.php(43): require_once('FCPATH\\index.php')
CRITICAL - 2022-09-20 16:48:39 --> Undefined array key "created_at"
in APPPATH\Views\mahasiswa\list.php on line 19.
 1 APPPATH\Views\mahasiswa\list.php(19): CodeIgniter\Debug\Exceptions->errorHandler(2, 'Undefined array key "created_at"', 'APPPATH\\Views\\mahasiswa\\list.php', 19)
 2 SYSTEMPATH\View\View.php(213): include('APPPATH\\Views\\mahasiswa\\list.php')
 3 SYSTEMPATH\View\View.php(216): CodeIgniter\View\View->CodeIgniter\View\{closure}()
 4 SYSTEMPATH\Common.php(1142): CodeIgniter\View\View->render('mahasiswa/list', [], true)
 5 APPPATH\Controllers\MahasiswaController.php(18): view('mahasiswa/list', [...])
 6 SYSTEMPATH\CodeIgniter.php(904): App\Controllers\MahasiswaController->index()
 7 SYSTEMPATH\CodeIgniter.php(457): CodeIgniter\CodeIgniter->runController(Object(App\Controllers\MahasiswaController))
 8 SYSTEMPATH\CodeIgniter.php(340): CodeIgniter\CodeIgniter->handleRequest(null, Object(Config\Cache), false)
 9 FCPATH\index.php(67): CodeIgniter\CodeIgniter->run()
10 SYSTEMPATH\Commands\Server\rewrite.php(43): require_once('FCPATH\\index.php')
CRITICAL - 2022-09-20 16:59:06 --> Undefined array key "created_at"
in APPPATH\Views\mahasiswa\list.php on line 19.
 1 APPPATH\Views\mahasiswa\list.php(19): CodeIgniter\Debug\Exceptions->errorHandler(2, 'Undefined array key "created_at"', 'APPPATH\\Views\\mahasiswa\\list.php', 19)
 2 SYSTEMPATH\View\View.php(213): include('APPPATH\\Views\\mahasiswa\\list.php')
 3 SYSTEMPATH\View\View.php(216): CodeIgniter\View\View->CodeIgniter\View\{closure}()
 4 SYSTEMPATH\Common.php(1142): CodeIgniter\View\View->render('mahasiswa/list', [], true)
 5 APPPATH\Controllers\MahasiswaController.php(18): view('mahasiswa/list', [...])
 6 SYSTEMPATH\CodeIgniter.php(904): App\Controllers\MahasiswaController->index()
 7 SYSTEMPATH\CodeIgniter.php(457): CodeIgniter\CodeIgniter->runController(Object(App\Controllers\MahasiswaController))
 8 SYSTEMPATH\CodeIgniter.php(340): CodeIgniter\CodeIgniter->handleRequest(null, Object(Config\Cache), false)
 9 FCPATH\index.php(67): CodeIgniter\CodeIgniter->run()
10 SYSTEMPATH\Commands\Server\rewrite.php(43): require_once('FCPATH\\index.php')
